<?xml version="1.0" encoding="UTF-8"?>
<!-- Generated by org.testng.reporters.JUnitReportReporter -->
<testsuite hostname="LAPTOP-U4C37NTN" failures="0" tests="1" name="com.opensource.qa.Admin" time="16.618" errors="0" timestamp="2022-02-27T17:50:12 CST" skipped="0">
  <testcase classname="com.opensource.qa.Admin" name="tc001AdminSearchEmployee" time="16.618"/>
  <system-out>
    <![CDATA[Open Browser  "OrangeHRM" web page
Enter Usernam, Password and click Login
Enter Username, Password and click Login
Validate that you have logged in successfully
Click Admin - Go to the admin page
Search username in field "Username"
Click Search
Verify username exist in table
Log out
Close Browser]]>
  </system-out>
</testsuite> <!-- com.opensource.qa.Admin -->
