<?xml version="1.0" encoding="UTF-8"?>
<!-- Generated by org.testng.reporters.JUnitReportReporter -->
<testsuite hostname="LAPTOP-U4C37NTN" failures="0" tests="1" name="com.google.FirstTest" time="5.285" errors="0" timestamp="2022-02-24T22:58:52 CST" skipped="0">
  <testcase classname="com.google.FirstTest" name="googleTest" time="5.285"/>
  <system-out/>
</testsuite> <!-- com.google.FirstTest -->
