<?xml version="1.0" encoding="UTF-8"?>
<!-- Generated by org.testng.reporters.JUnitReportReporter -->
<testsuite hostname="LAPTOP-U4C37NTN" failures="0" tests="1" name="com.opensource.qa.ValidateUserAdmin" time="10.005" errors="0" timestamp="2022-03-01T19:04:19 CST" skipped="0">
  <testcase classname="com.opensource.qa.ValidateUserAdmin" name="tc006ValidateUserAdmin" time="10.005"/>
  <system-out>
    <![CDATA[Lounch browser
Enter Username, Password
Click Login
Verify user is logged successfully
Click Admin tab
Click Admin - Go to the admin page
Enter 'Admin' username text box
Click Search button
Validate 'Admin' exist in result table]]>
  </system-out>
</testsuite> <!-- com.opensource.qa.ValidateUserAdmin -->
