<?xml version="1.0" encoding="UTF-8"?>
<!-- Generated by org.testng.reporters.JUnitReportReporter -->
<testsuite hostname="LAPTOP-U4C37NTN" failures="0" tests="1" name="com.facebook.FacebookTest" time="5.582" errors="0" timestamp="2022-02-25T17:53:33 CST" skipped="0">
  <testcase classname="com.facebook.FacebookTest" name="googleTest" time="5.582"/>
  <system-out/>
</testsuite> <!-- com.facebook.FacebookTest -->
