<?xml version="1.0" encoding="UTF-8"?>
<!-- Generated by org.testng.reporters.JUnitReportReporter -->
<testsuite hostname="LAPTOP-U4C37NTN" failures="0" tests="1" name="com.opensource.qa.ValidateInvalidPassword" time="6.700" errors="0" timestamp="2022-03-01T19:06:43 CST" skipped="0">
  <testcase classname="com.opensource.qa.ValidateInvalidPassword" name="tc006ValidateInvalidPassword" time="6.700"/>
  <system-out>
    <![CDATA[Lounch browser
Enter Username, Password incorrect
Click Login
Verify error message when enter invalid password]]>
  </system-out>
</testsuite> <!-- com.opensource.qa.ValidateInvalidPassword -->
